<?xml version="1.0" encoding="UTF-8"?>
<testng-results ignored="0" total="1" passed="1" failed="0" skipped="0">
  <reporter-output>
  </reporter-output>
  <suite started-at="2024-12-03T11:32:54 IST" name="Suite" finished-at="2024-12-03T11:33:32 IST" duration-ms="37933">
    <groups>
      <group name="cucumber">
        <method signature="AbstractTestNGCucumberTests.runScenario(io.cucumber.testng.PickleWrapper,io.cucumber.testng.FeatureWrapper)[pri:0, instance:com.testrunner.TestRunner@7c1e2a9e]" name="runScenario" class="io.cucumber.testng.AbstractTestNGCucumberTests"/>
      </group> <!-- cucumber -->
    </groups>
    <test started-at="2024-12-03T11:32:54 IST" name="Test" finished-at="2024-12-03T11:33:32 IST" duration-ms="37933">
      <class name="com.testrunner.TestRunner">
        <test-method is-config="true" signature="setUpClass()[pri:0, instance:com.testrunner.TestRunner@7c1e2a9e]" started-at="2024-12-03T11:32:54 IST" name="setUpClass" finished-at="2024-12-03T11:32:55 IST" duration-ms="1379" status="PASS">
          <reporter-output>
          </reporter-output>
        </test-method> <!-- setUpClass -->
        <test-method signature="runScenario(io.cucumber.testng.PickleWrapper,io.cucumber.testng.FeatureWrapper)[pri:0, instance:com.testrunner.TestRunner@7c1e2a9e]" started-at="2024-12-03T11:32:55 IST" name="runScenario" description="Runs Cucumber Scenarios" data-provider="scenarios" finished-at="2024-12-03T11:33:25 IST" duration-ms="29845" status="PASS">
          <params>
            <param index="0">
              <value>
                <![CDATA["Verify practise page componant"]]>
              </value>
            </param>
            <param index="1">
              <value>
                <![CDATA["Optional[Login to practice page]"]]>
              </value>
            </param>
          </params>
          <reporter-output>
          </reporter-output>
        </test-method> <!-- runScenario -->
        <test-method is-config="true" signature="tearDownClass()[pri:0, instance:com.testrunner.TestRunner@7c1e2a9e]" started-at="2024-12-03T11:33:25 IST" name="tearDownClass" finished-at="2024-12-03T11:33:32 IST" duration-ms="6529" status="PASS">
          <reporter-output>
          </reporter-output>
        </test-method> <!-- tearDownClass -->
      </class> <!-- com.testrunner.TestRunner -->
    </test> <!-- Test -->
  </suite> <!-- Suite -->
</testng-results>
