<?xml version="1.0" encoding="UTF-8"?>
<!-- Generated by org.testng.reporters.JUnitXMLReporter -->
<testsuite ignored="0" hostname="Abhijit" failures="1" tests="1" name="Test" time="21.206" errors="0" timestamp="05 Dec 2024 05:31:14 GMT">
  <testcase classname="io.cucumber.testng.AbstractTestNGCucumberTests" name="runScenario" time="20.235">
    <failure type="java.lang.NoClassDefFoundError" message="org/apache/commons/io/build/AbstractStreamBuilder">
      <![CDATA[java.lang.NoClassDefFoundError: org/apache/commons/io/build/AbstractStreamBuilder
at java.base/java.lang.ClassLoader.defineClass1(Native Method)
at java.base/java.lang.ClassLoader.defineClass(ClassLoader.java:1026)
at java.base/java.security.SecureClassLoader.defineClass(SecureClassLoader.java:150)
at java.base/jdk.internal.loader.BuiltinClassLoader.defineClass(BuiltinClassLoader.java:862)
at java.base/jdk.internal.loader.BuiltinClassLoader.findClassOnClassPathOrNull(BuiltinClassLoader.java:760)
at java.base/jdk.internal.loader.BuiltinClassLoader.loadClassOrNull(BuiltinClassLoader.java:681)
at java.base/jdk.internal.loader.BuiltinClassLoader.loadClass(BuiltinClassLoader.java:639)
at java.base/jdk.internal.loader.ClassLoaders$AppClassLoader.loadClass(ClassLoaders.java:188)
at java.base/java.lang.ClassLoader.loadClass(ClassLoader.java:528)
at org.apache.commons.compress.archivers.zip.ZipFile.<init>(ZipFile.java:859)
at org.apache.commons.compress.archivers.zip.ZipFile.<init>(ZipFile.java:931)
at org.apache.commons.compress.archivers.zip.ZipFile.<init>(ZipFile.java:819)
at org.apache.commons.compress.archivers.zip.ZipFile.<init>(ZipFile.java:795)
at org.apache.commons.compress.archivers.zip.ZipFile.<init>(ZipFile.java:715)
at org.apache.commons.compress.archivers.zip.ZipFile.<init>(ZipFile.java:702)
at org.apache.poi.openxml4j.util.ZipSecureFile.<init>(ZipSecureFile.java:122)
at org.apache.poi.openxml4j.opc.internal.ZipHelper.openZipFile(ZipHelper.java:205)
at org.apache.poi.openxml4j.opc.ZipPackage.<init>(ZipPackage.java:140)
at org.apache.poi.openxml4j.opc.OPCPackage.open(OPCPackage.java:277)
at org.apache.poi.xssf.usermodel.XSSFWorkbookFactory.createWorkbook(XSSFWorkbookFactory.java:124)
at org.apache.poi.ss.usermodel.WorkbookFactory.create(WorkbookFactory.java:327)
at org.apache.poi.ss.usermodel.WorkbookFactory.create(WorkbookFactory.java:295)
at org.apache.poi.ss.usermodel.WorkbookFactory.create(WorkbookFactory.java:276)
at util.ExcelReader.getdata(ExcelReader.java:36)
at com.stepdef.PractiseStepPage.select_testdata_from_excel(PractiseStepPage.java:41)
at ✽.Select testdata from excel "Sheet1" 0(file:///C:/Users/abhij/git/repository/SeleniumCucumberProject/src/test/resource/features/practice.feature:8)
Caused by: java.lang.ClassNotFoundException: org.apache.commons.io.build.AbstractStreamBuilder
at java.base/jdk.internal.loader.BuiltinClassLoader.loadClass(BuiltinClassLoader.java:641)
at java.base/jdk.internal.loader.ClassLoaders$AppClassLoader.loadClass(ClassLoaders.java:188)
at java.base/java.lang.ClassLoader.loadClass(ClassLoader.java:528)
at java.base/java.lang.ClassLoader.defineClass1(Native Method)
at java.base/java.lang.ClassLoader.defineClass(ClassLoader.java:1026)
at java.base/java.security.SecureClassLoader.defineClass(SecureClassLoader.java:150)
at java.base/jdk.internal.loader.BuiltinClassLoader.defineClass(BuiltinClassLoader.java:862)
at java.base/jdk.internal.loader.BuiltinClassLoader.findClassOnClassPathOrNull(BuiltinClassLoader.java:760)
at java.base/jdk.internal.loader.BuiltinClassLoader.loadClassOrNull(BuiltinClassLoader.java:681)
at java.base/jdk.internal.loader.BuiltinClassLoader.loadClass(BuiltinClassLoader.java:639)
at java.base/jdk.internal.loader.ClassLoaders$AppClassLoader.loadClass(ClassLoaders.java:188)
at java.base/java.lang.ClassLoader.loadClass(ClassLoader.java:528)
at org.apache.commons.compress.archivers.zip.ZipFile.<init>(ZipFile.java:859)
at org.apache.commons.compress.archivers.zip.ZipFile.<init>(ZipFile.java:931)
at org.apache.commons.compress.archivers.zip.ZipFile.<init>(ZipFile.java:819)
at org.apache.commons.compress.archivers.zip.ZipFile.<init>(ZipFile.java:795)
at org.apache.commons.compress.archivers.zip.ZipFile.<init>(ZipFile.java:715)
at org.apache.commons.compress.archivers.zip.ZipFile.<init>(ZipFile.java:702)
at org.apache.poi.openxml4j.util.ZipSecureFile.<init>(ZipSecureFile.java:122)
at org.apache.poi.openxml4j.opc.internal.ZipHelper.openZipFile(ZipHelper.java:205)
at org.apache.poi.openxml4j.opc.ZipPackage.<init>(ZipPackage.java:140)
at org.apache.poi.openxml4j.opc.OPCPackage.open(OPCPackage.java:277)
at org.apache.poi.xssf.usermodel.XSSFWorkbookFactory.createWorkbook(XSSFWorkbookFactory.java:124)
at org.apache.poi.ss.usermodel.WorkbookFactory.create(WorkbookFactory.java:327)
at org.apache.poi.ss.usermodel.WorkbookFactory.create(WorkbookFactory.java:295)
at org.apache.poi.ss.usermodel.WorkbookFactory.create(WorkbookFactory.java:276)
at util.ExcelReader.getdata(ExcelReader.java:36)
at com.stepdef.PractiseStepPage.select_testdata_from_excel(PractiseStepPage.java:41)
at io.cucumber.java.Invoker.doInvoke(Invoker.java:66)
at io.cucumber.java.Invoker.invoke(Invoker.java:24)
at io.cucumber.java.AbstractGlueDefinition.invokeMethod(AbstractGlueDefinition.java:47)
at io.cucumber.java.JavaStepDefinition.execute(JavaStepDefinition.java:29)
at io.cucumber.core.runner.CoreStepDefinition.execute(CoreStepDefinition.java:66)
at io.cucumber.core.runner.PickleStepDefinitionMatch.runStep(PickleStepDefinitionMatch.java:63)
at io.cucumber.core.runner.ExecutionMode$1.execute(ExecutionMode.java:10)
at io.cucumber.core.runner.TestStep.executeStep(TestStep.java:92)
at io.cucumber.core.runner.TestStep.run(TestStep.java:64)
at io.cucumber.core.runner.PickleStepTestStep.run(PickleStepTestStep.java:51)
at io.cucumber.core.runner.TestCase.run(TestCase.java:104)
at io.cucumber.core.runner.Runner.runPickle(Runner.java:71)
at io.cucumber.testng.TestNGCucumberRunner.lambda$runScenario$0(TestNGCucumberRunner.java:116)
at io.cucumber.core.runtime.CucumberExecutionContext.runTestCase(CucumberExecutionContext.java:117)
at io.cucumber.testng.TestNGCucumberRunner.runScenario(TestNGCucumberRunner.java:113)
at io.cucumber.testng.AbstractTestNGCucumberTests.runScenario(AbstractTestNGCucumberTests.java:31)
... Removed 25 stack frames]]>
    </failure>
  </testcase> <!-- runScenario -->
</testsuite> <!-- Test -->
